2018-05-03 16:42:25.246580 (28674) main____ INFO    ----------------------------------------
2018-05-03 16:42:25.246927 (28674) main____ INFO    JasperGold version info
2018-05-03 16:42:25.246948 (28674) main____ INFO      tool      : JasperGold 2015.09
2018-05-03 16:42:25.246968 (28674) main____ INFO      version   : 2015.09 FCS 64 bits
2018-05-03 16:42:25.246983 (28674) main____ INFO      build date: 2015.09.29 22:07:28 PDT
2018-05-03 16:42:25.246993 (28674) main____ INFO    ----------------------------------------
2018-05-03 16:42:25.247003 (28674) main____ INFO    Runtime info:
2018-05-03 16:42:25.247015 (28674) main____ INFO      platform  : Linux 2.6.32-696.20.1.el6.x86_64 x86_64
2018-05-03 16:42:25.247030 (28674) main____ INFO      hostname  : kamek
2018-05-03 16:42:25.247042 (28674) main____ INFO      pid       : 28674
2018-05-03 16:42:25.247058 (28674) main____ INFO      arguments : '-style' 'windows'
2018-05-03 16:42:25.247069 (28674) main____ INFO    ----------------------------------------
2018-05-03 16:42:25.248782 (28674) lic__man INFO    Claim 'main' for <ui>.
2018-05-03 16:42:25.252883 (28674) lic_core INFO    (1) checking out 'jasper_interactive' ...
2018-05-03 16:42:25.265185 (28674) lic_core INFO    ... (1) checkout succeeded
2018-05-03 16:42:25.265262 (28674) lic__man INFO    Claim 'fpv' for <ui>.
2018-05-03 16:42:25.265296 (28674) lic_core INFO    (2) checking out 'jasper_fpv' ...
2018-05-03 16:42:25.276220 (28674) lic_core INFO    ... (2) checkout succeeded
2018-05-03 16:42:25.911194 (28674) lic__man INFO    Claim 'fpv' for <ui>.
2018-05-03 16:42:26.020826 (28674) lic__man INFO    Unclaim 'fpv' for <ui>.
2018-05-03 16:42:26.020892 (28674) lic__man INFO    Claim 'fpv' for <ui>.
2018-05-03 16:42:26.032023 (28674) session_ INFO    Starting analysis session with session id 'session_0' ...
2018-05-03 16:42:26.035860 (28674) session_ INFO    Analysis session with session id 'session_0' started (pid: 28707)
2018-05-03 16:42:29.037143 (28674) session_ INFO    Analysis session 'session_0' connected to the console (host: 146.6.221.70:55230)
2018-05-03 16:42:47.505293 (28674) lic__man INFO    Unclaim everything for 'session_0*'.
2018-05-03 16:42:47.966207 (28674) lic__man INFO    Claim 'fpv' for 'session_0'.
2018-05-03 16:42:49.078412 (28674) lic__man INFO    Unclaim everything for 'session_0/prove-0'.
2018-05-03 16:51:16.438999 (28674) lic__man INFO    Entering idle state.
2018-05-03 17:30:02.848047 (28674) lic__man INFO    Leaving idle state.
2018-05-03 17:30:07.772878 (28674) main____ INFO    About to exit: requested from GUI
2018-05-03 17:30:07.835414 (28674) main____ INFO    Exiting.
